# JRE version: Java(TM) SE Runtime Environment 18.9 (11.0.21+9) (build 11.0.21+9-LTS-193)
# Java VM: Java HotSpot(TM) 64-Bit Server VM 18.9 (11.0.21+9-LTS-193, mixed mode, tiered, compressed oops, g1 gc, windows-amd64)
Heap:
 garbage-first heap   total 260096K, used 113784K [0x0000000703600000, 0x0000000800000000)
  region size 1024K, 104 young (106496K), 12 survivors (12288K)
 Metaspace       used 41333K, capacity 42826K, committed 42880K, reserved 1087488K
  class space    used 4865K, capacity 5483K, committed 5504K, reserved 1048576K
GC Heap History (8 events):
Event: 1.740 GC heap before
{Heap before GC invocations=0 (full 0):
 garbage-first heap   total 260096K, used 24576K [0x0000000703600000, 0x0000000800000000)
  region size 1024K, 24 young (24576K), 0 survivors (0K)
 Metaspace       used 12649K, capacity 12963K, committed 13184K, reserved 1060864K
  class space    used 1240K, capacity 1326K, committed 1408K, reserved 1048576K
}
Event: 1.749 GC heap after
{Heap after GC invocations=1 (full 0):
 garbage-first heap   total 260096K, used 8378K [0x0000000703600000, 0x0000000800000000)
  region size 1024K, 3 young (3072K), 3 survivors (3072K)
 Metaspace       used 12649K, capacity 12963K, committed 13184K, reserved 1060864K
  class space    used 1240K, capacity 1326K, committed 1408K, reserved 1048576K
}
Event: 2.256 GC heap before
{Heap before GC invocations=1 (full 0):
 garbage-first heap   total 260096K, used 32954K [0x0000000703600000, 0x0000000800000000)
  region size 1024K, 27 young (27648K), 3 survivors (3072K)
 Metaspace       used 16128K, capacity 16544K, committed 16640K, reserved 1064960K
  class space    used 1643K, capacity 1767K, committed 1792K, reserved 1048576K
}
Event: 2.264 GC heap after
{Heap after GC invocations=2 (full 0):
 garbage-first heap   total 260096K, used 9981K [0x0000000703600000, 0x0000000800000000)
  region size 1024K, 2 young (2048K), 2 survivors (2048K)
 Metaspace       used 16128K, capacity 16544K, committed 16640K, reserved 1064960K
  class space    used 1643K, capacity 1767K, committed 1792K, reserved 1048576K
}
Event: 3.387 GC heap before
{Heap before GC invocations=2 (full 0):
 garbage-first heap   total 260096K, used 56061K [0x0000000703600000, 0x0000000800000000)
  region size 1024K, 48 young (49152K), 2 survivors (2048K)
 Metaspace       used 20614K, capacity 21211K, committed 21248K, reserved 1069056K
  class space    used 2279K, capacity 2555K, committed 2560K, reserved 1048576K
}
Event: 3.393 GC heap after
{Heap after GC invocations=3 (full 0):
 garbage-first heap   total 260096K, used 11517K [0x0000000703600000, 0x0000000800000000)
  region size 1024K, 3 young (3072K), 3 survivors (3072K)
 Metaspace       used 20614K, capacity 21211K, committed 21248K, reserved 1069056K
  class space    used 2279K, capacity 2555K, committed 2560K, reserved 1048576K
}
Event: 8.833 GC heap before
{Heap before GC invocations=4 (full 0):
 garbage-first heap   total 260096K, used 153853K [0x0000000703600000, 0x0000000800000000)
  region size 1024K, 123 young (125952K), 3 survivors (3072K)
 Metaspace       used 34669K, capacity 35755K, committed 35840K, reserved 1081344K
  class space    used 4064K, capacity 4549K, committed 4608K, reserved 1048576K
}
Event: 8.855 GC heap after
{Heap after GC invocations=5 (full 0):
 garbage-first heap   total 260096K, used 20600K [0x0000000703600000, 0x0000000800000000)
  region size 1024K, 12 young (12288K), 12 survivors (12288K)
 Metaspace       used 34669K, capacity 35755K, committed 35840K, reserved 1081344K
  class space    used 4064K, capacity 4549K, committed 4608K, reserved 1048576K
}

