# JRE version: Java(TM) SE Runtime Environment 18.9 (11.0.21+9) (build 11.0.21+9-LTS-193)
# Java VM: Java HotSpot(TM) 64-Bit Server VM 18.9 (11.0.21+9-LTS-193, mixed mode, tiered, compressed oops, g1 gc, windows-amd64)
Heap:
 garbage-first heap   total 260096K, used 60421K [0x0000000703600000, 0x0000000800000000)
  region size 1024K, 49 young (50176K), 10 survivors (10240K)
 Metaspace       used 38843K, capacity 40294K, committed 40576K, reserved 1087488K
  class space    used 4537K, capacity 5122K, committed 5248K, reserved 1048576K
GC Heap History (10 events):
Event: 0.699 GC heap before
{Heap before GC invocations=0 (full 0):
 garbage-first heap   total 260096K, used 24576K [0x0000000703600000, 0x0000000800000000)
  region size 1024K, 24 young (24576K), 0 survivors (0K)
 Metaspace       used 12604K, capacity 12897K, committed 13184K, reserved 1060864K
  class space    used 1240K, capacity 1325K, committed 1408K, reserved 1048576K
}
Event: 0.704 GC heap after
{Heap after GC invocations=1 (full 0):
 garbage-first heap   total 260096K, used 8291K [0x0000000703600000, 0x0000000800000000)
  region size 1024K, 3 young (3072K), 3 survivors (3072K)
 Metaspace       used 12604K, capacity 12897K, committed 13184K, reserved 1060864K
  class space    used 1240K, capacity 1325K, committed 1408K, reserved 1048576K
}
Event: 0.996 GC heap before
{Heap before GC invocations=1 (full 0):
 garbage-first heap   total 260096K, used 49251K [0x0000000703600000, 0x0000000800000000)
  region size 1024K, 44 young (45056K), 3 survivors (3072K)
 Metaspace       used 17135K, capacity 17513K, committed 17536K, reserved 1064960K
  class space    used 1763K, capacity 1898K, committed 1920K, reserved 1048576K
}
Event: 0.998 GC heap after
{Heap after GC invocations=2 (full 0):
 garbage-first heap   total 260096K, used 10025K [0x0000000703600000, 0x0000000800000000)
  region size 1024K, 5 young (5120K), 5 survivors (5120K)
 Metaspace       used 17135K, capacity 17513K, committed 17536K, reserved 1064960K
  class space    used 1763K, capacity 1898K, committed 1920K, reserved 1048576K
}
Event: 1.300 GC heap before
{Heap before GC invocations=2 (full 0):
 garbage-first heap   total 260096K, used 38697K [0x0000000703600000, 0x0000000800000000)
  region size 1024K, 34 young (34816K), 5 survivors (5120K)
 Metaspace       used 20576K, capacity 21211K, committed 21248K, reserved 1069056K
  class space    used 2281K, capacity 2555K, committed 2560K, reserved 1048576K
}
Event: 1.304 GC heap after
{Heap after GC invocations=3 (full 0):
 garbage-first heap   total 260096K, used 11175K [0x0000000703600000, 0x0000000800000000)
  region size 1024K, 3 young (3072K), 3 survivors (3072K)
 Metaspace       used 20576K, capacity 21211K, committed 21248K, reserved 1069056K
  class space    used 2281K, capacity 2555K, committed 2560K, reserved 1048576K
}
Event: 1.769 GC heap before
{Heap before GC invocations=4 (full 0):
 garbage-first heap   total 260096K, used 71591K [0x0000000703600000, 0x0000000800000000)
  region size 1024K, 62 young (63488K), 3 survivors (3072K)
 Metaspace       used 26384K, capacity 27106K, committed 27392K, reserved 1073152K
  class space    used 2947K, capacity 3244K, committed 3328K, reserved 1048576K
}
Event: 1.774 GC heap after
{Heap after GC invocations=5 (full 0):
 garbage-first heap   total 260096K, used 17715K [0x0000000703600000, 0x0000000800000000)
  region size 1024K, 8 young (8192K), 8 survivors (8192K)
 Metaspace       used 26384K, capacity 27106K, committed 27392K, reserved 1073152K
  class space    used 2947K, capacity 3244K, committed 3328K, reserved 1048576K
}
Event: 21.534 GC heap before
{Heap before GC invocations=5 (full 0):
 garbage-first heap   total 260096K, used 87347K [0x0000000703600000, 0x0000000800000000)
  region size 1024K, 77 young (78848K), 8 survivors (8192K)
 Metaspace       used 34443K, capacity 35785K, committed 35840K, reserved 1081344K
  class space    used 4002K, capacity 4576K, committed 4608K, reserved 1048576K
}
Event: 21.541 GC heap after
{Heap after GC invocations=6 (full 0):
 garbage-first heap   total 260096K, used 21509K [0x0000000703600000, 0x0000000800000000)
  region size 1024K, 10 young (10240K), 10 survivors (10240K)
 Metaspace       used 34443K, capacity 35785K, committed 35840K, reserved 1081344K
  class space    used 4002K, capacity 4576K, committed 4608K, reserved 1048576K
}

