<?xml version="1.0" encoding="UTF-8"?>
<!-- Generated by org.testng.reporters.JUnitXMLReporter -->
<testsuite ignored="0" hostname="KingsleyGate1" failures="2" tests="2" name="Default test" time="33.645" errors="0" timestamp="2025-07-02T11:51:22 IST">
  <testcase classname="io.cucumber.testng.AbstractTestNGCucumberTests" name="runScenario" time="18.144">
    <failure type="java.lang.IllegalArgumentException" message="Keys to send should be a not null CharSequence">
      <![CDATA[java.lang.IllegalArgumentException: Keys to send should be a not null CharSequence
at org.openqa.selenium.remote.RemoteWebElement.sendKeys(RemoteWebElement.java:96)
at java.base/jdk.internal.reflect.NativeMethodAccessorImpl.invoke0(Native Method)
at java.base/jdk.internal.reflect.NativeMethodAccessorImpl.invoke(NativeMethodAccessorImpl.java:62)
at java.base/jdk.internal.reflect.DelegatingMethodAccessorImpl.invoke(DelegatingMethodAccessorImpl.java:43)
at java.base/java.lang.reflect.Method.invoke(Method.java:566)
at org.openqa.selenium.support.pagefactory.internal.LocatingElementHandler.invoke(LocatingElementHandler.java:51)
at com.sun.proxy.$Proxy25.sendKeys(Unknown Source)
at KingsleyGate.StepDef.Pages.StageSetUpPage.CreatingStageWithDetails(StageSetUpPage.java:82)
at KingsleyGate.StepDef.StageSetUp_StepDefinition.user_provides_a_valid_details(StageSetUp_StepDefinition.java:64)
at ✽.User provides a valid stage set up details "StageCode" "StageLabel" "Colour" "SequenceNumber" "ReasonLookup" and "ShortDescription"(file:///D:/Automation/IgnyetFrameworkNamrataBranch/src/test/resources/Features/4_StageSetUp.feature:11)
]]>
    </failure>
  </testcase> <!-- runScenario -->
  <testcase classname="io.cucumber.testng.AbstractTestNGCucumberTests" name="runScenario" time="14.411">
    <failure type="java.lang.IllegalArgumentException" message="Keys to send should be a not null CharSequence">
      <![CDATA[java.lang.IllegalArgumentException: Keys to send should be a not null CharSequence
at org.openqa.selenium.remote.RemoteWebElement.sendKeys(RemoteWebElement.java:96)
at java.base/jdk.internal.reflect.NativeMethodAccessorImpl.invoke0(Native Method)
at java.base/jdk.internal.reflect.NativeMethodAccessorImpl.invoke(NativeMethodAccessorImpl.java:62)
at java.base/jdk.internal.reflect.DelegatingMethodAccessorImpl.invoke(DelegatingMethodAccessorImpl.java:43)
at java.base/java.lang.reflect.Method.invoke(Method.java:566)
at org.openqa.selenium.support.pagefactory.internal.LocatingElementHandler.invoke(LocatingElementHandler.java:51)
at com.sun.proxy.$Proxy25.sendKeys(Unknown Source)
at KingsleyGate.StepDef.Pages.StageSetUpPage.SearchStageAndDisable(StageSetUpPage.java:123)
at KingsleyGate.StepDef.StageSetUp_StepDefinition.userNavigatesToSetUpMenuAndSearchForTheStageStageCode(StageSetUp_StepDefinition.java:75)
at ✽.User navigates to Set Up menu and search for the stage "StageCode" and disable the stage(file:///D:/Automation/IgnyetFrameworkNamrataBranch/src/test/resources/Features/4_StageSetUp.feature:15)
]]>
    </failure>
  </testcase> <!-- runScenario -->
</testsuite> <!-- Default test -->
