<?xml version="1.0" encoding="UTF-8"?>
<testng-results ignored="0" total="2" passed="2" failed="0" skipped="0">
  <reporter-output>
  </reporter-output>
  <suite started-at="2025-07-02T11:06:49 IST" name="Default suite" finished-at="2025-07-02T11:07:43 IST" duration-ms="54083">
    <groups>
      <group name="cucumber">
        <method signature="AbstractTestNGCucumberTests.runScenario(io.cucumber.testng.PickleWrapper,io.cucumber.testng.FeatureWrapper)[pri:0, instance:Runner.TestRunner@cecf639]" name="runScenario" class="io.cucumber.testng.AbstractTestNGCucumberTests"/>
      </group> <!-- cucumber -->
    </groups>
    <test started-at="2025-07-02T11:06:49 IST" name="Default test" finished-at="2025-07-02T11:07:43 IST" duration-ms="54083">
      <class name="Runner.TestRunner">
        <test-method is-config="true" signature="setUpClass(org.testng.ITestContext)[pri:0, instance:Runner.TestRunner@cecf639]" started-at="2025-07-02T11:06:49 IST" name="setUpClass" finished-at="2025-07-02T11:06:50 IST" duration-ms="552" status="PASS">
          <params>
            <param index="0">
              <value>
                <![CDATA[org.testng.TestRunner@75bf9e67]]>
              </value>
            </param>
          </params>
          <reporter-output>
          </reporter-output>
        </test-method> <!-- setUpClass -->
        <test-method signature="runScenario(io.cucumber.testng.PickleWrapper,io.cucumber.testng.FeatureWrapper)[pri:0, instance:Runner.TestRunner@cecf639]" started-at="2025-07-02T11:06:50 IST" name="runScenario" description="Runs Cucumber Scenarios" data-provider="scenarios" finished-at="2025-07-02T11:07:17 IST" duration-ms="27556" status="PASS">
          <params>
            <param index="0">
              <value>
                <![CDATA["Add a new stage in application"]]>
              </value>
            </param>
            <param index="1">
              <value>
                <![CDATA["Stage Set Up Page"]]>
              </value>
            </param>
          </params>
          <reporter-output>
          </reporter-output>
        </test-method> <!-- runScenario -->
        <test-method signature="runScenario(io.cucumber.testng.PickleWrapper,io.cucumber.testng.FeatureWrapper)[pri:0, instance:Runner.TestRunner@cecf639]" started-at="2025-07-02T11:07:17 IST" name="runScenario" description="Runs Cucumber Scenarios" data-provider="scenarios" finished-at="2025-07-02T11:07:43 IST" duration-ms="25435" status="PASS">
          <params>
            <param index="0">
              <value>
                <![CDATA["Disabling the Newly added stage in the application"]]>
              </value>
            </param>
            <param index="1">
              <value>
                <![CDATA["Stage Set Up Page"]]>
              </value>
            </param>
          </params>
          <reporter-output>
          </reporter-output>
        </test-method> <!-- runScenario -->
        <test-method is-config="true" signature="tearDownClass()[pri:0, instance:Runner.TestRunner@cecf639]" started-at="2025-07-02T11:07:43 IST" name="tearDownClass" finished-at="2025-07-02T11:07:43 IST" duration-ms="511" status="PASS">
          <reporter-output>
          </reporter-output>
        </test-method> <!-- tearDownClass -->
      </class> <!-- Runner.TestRunner -->
    </test> <!-- Default test -->
  </suite> <!-- Default suite -->
</testng-results>
