<?xml version="1.0" encoding="UTF-8"?>
<testng-results ignored="0" total="2" passed="2" failed="0" skipped="0">
  <reporter-output>
  </reporter-output>
  <suite started-at="2025-06-12T17:31:39 IST" name="Default suite" finished-at="2025-06-12T17:32:04 IST" duration-ms="24241">
    <groups>
      <group name="cucumber">
        <method signature="AbstractTestNGCucumberTests.runScenario(io.cucumber.testng.PickleWrapper,io.cucumber.testng.FeatureWrapper)[pri:0, instance:Runner.TestRunner@28261e8e]" name="runScenario" class="io.cucumber.testng.AbstractTestNGCucumberTests"/>
      </group> <!-- cucumber -->
    </groups>
    <test started-at="2025-06-12T17:31:39 IST" name="Default test" finished-at="2025-06-12T17:32:04 IST" duration-ms="24241">
      <class name="Runner.TestRunner">
        <test-method is-config="true" signature="setUpClass(org.testng.ITestContext)[pri:0, instance:Runner.TestRunner@28261e8e]" started-at="2025-06-12T17:31:40 IST" name="setUpClass" finished-at="2025-06-12T17:31:40 IST" duration-ms="283" status="PASS">
          <params>
            <param index="0">
              <value>
                <![CDATA[org.testng.TestRunner@367d34c0]]>
              </value>
            </param>
          </params>
          <reporter-output>
          </reporter-output>
        </test-method> <!-- setUpClass -->
        <test-method signature="runScenario(io.cucumber.testng.PickleWrapper,io.cucumber.testng.FeatureWrapper)[pri:0, instance:Runner.TestRunner@28261e8e]" started-at="2025-06-12T17:31:40 IST" name="runScenario" description="Runs Cucumber Scenarios" data-provider="scenarios" finished-at="2025-06-12T17:31:57 IST" duration-ms="17148" status="PASS">
          <params>
            <param index="0">
              <value>
                <![CDATA["User navigates to Tags Setup page and add a new Tag"]]>
              </value>
            </param>
            <param index="1">
              <value>
                <![CDATA["Tags Setup"]]>
              </value>
            </param>
          </params>
          <reporter-output>
          </reporter-output>
        </test-method> <!-- runScenario -->
        <test-method signature="runScenario(io.cucumber.testng.PickleWrapper,io.cucumber.testng.FeatureWrapper)[pri:0, instance:Runner.TestRunner@28261e8e]" started-at="2025-06-12T17:31:57 IST" name="runScenario" description="Runs Cucumber Scenarios" data-provider="scenarios" finished-at="2025-06-12T17:32:03 IST" duration-ms="6168" status="PASS">
          <params>
            <param index="0">
              <value>
                <![CDATA["User navigates to Tags Setup page and deletes a Tag"]]>
              </value>
            </param>
            <param index="1">
              <value>
                <![CDATA["Tags Setup"]]>
              </value>
            </param>
          </params>
          <reporter-output>
          </reporter-output>
        </test-method> <!-- runScenario -->
        <test-method is-config="true" signature="tearDownClass()[pri:0, instance:Runner.TestRunner@28261e8e]" started-at="2025-06-12T17:32:03 IST" name="tearDownClass" finished-at="2025-06-12T17:32:04 IST" duration-ms="322" status="PASS">
          <reporter-output>
          </reporter-output>
        </test-method> <!-- tearDownClass -->
      </class> <!-- Runner.TestRunner -->
    </test> <!-- Default test -->
  </suite> <!-- Default suite -->
</testng-results>
