<?xml version="1.0" encoding="UTF-8"?>
<testng-results ignored="0" total="2" passed="0" failed="2" skipped="0">
  <reporter-output>
  </reporter-output>
  <suite started-at="2025-07-02T11:50:48 IST" name="Default suite" finished-at="2025-07-02T11:51:22 IST" duration-ms="33645">
    <groups>
      <group name="cucumber">
        <method signature="AbstractTestNGCucumberTests.runScenario(io.cucumber.testng.PickleWrapper,io.cucumber.testng.FeatureWrapper)[pri:0, instance:Runner.TestRunner@cecf639]" name="runScenario" class="io.cucumber.testng.AbstractTestNGCucumberTests"/>
      </group> <!-- cucumber -->
    </groups>
    <test started-at="2025-07-02T11:50:48 IST" name="Default test" finished-at="2025-07-02T11:51:22 IST" duration-ms="33645">
      <class name="Runner.TestRunner">
        <test-method is-config="true" signature="setUpClass(org.testng.ITestContext)[pri:0, instance:Runner.TestRunner@cecf639]" started-at="2025-07-02T11:50:48 IST" name="setUpClass" finished-at="2025-07-02T11:50:49 IST" duration-ms="567" status="PASS">
          <params>
            <param index="0">
              <value>
                <![CDATA[org.testng.TestRunner@6076c66]]>
              </value>
            </param>
          </params>
          <reporter-output>
          </reporter-output>
        </test-method> <!-- setUpClass -->
        <test-method signature="runScenario(io.cucumber.testng.PickleWrapper,io.cucumber.testng.FeatureWrapper)[pri:0, instance:Runner.TestRunner@cecf639]" started-at="2025-07-02T11:50:49 IST" name="runScenario" description="Runs Cucumber Scenarios" data-provider="scenarios" finished-at="2025-07-02T11:51:07 IST" duration-ms="18144" status="FAIL">
          <params>
            <param index="0">
              <value>
                <![CDATA["Add a new stage in application"]]>
              </value>
            </param>
            <param index="1">
              <value>
                <![CDATA["Stage Set Up Page"]]>
              </value>
            </param>
          </params>
          <exception class="java.lang.IllegalArgumentException">
            <message>
              <![CDATA[Keys to send should be a not null CharSequence]]>
            </message>
            <full-stacktrace>
              <![CDATA[java.lang.IllegalArgumentException: Keys to send should be a not null CharSequence
at org.openqa.selenium.remote.RemoteWebElement.sendKeys(RemoteWebElement.java:96)
at java.base/jdk.internal.reflect.NativeMethodAccessorImpl.invoke0(Native Method)
at java.base/jdk.internal.reflect.NativeMethodAccessorImpl.invoke(NativeMethodAccessorImpl.java:62)
at java.base/jdk.internal.reflect.DelegatingMethodAccessorImpl.invoke(DelegatingMethodAccessorImpl.java:43)
at java.base/java.lang.reflect.Method.invoke(Method.java:566)
at org.openqa.selenium.support.pagefactory.internal.LocatingElementHandler.invoke(LocatingElementHandler.java:51)
at com.sun.proxy.$Proxy25.sendKeys(Unknown Source)
at KingsleyGate.StepDef.Pages.StageSetUpPage.CreatingStageWithDetails(StageSetUpPage.java:82)
at KingsleyGate.StepDef.StageSetUp_StepDefinition.user_provides_a_valid_details(StageSetUp_StepDefinition.java:64)
at ✽.User provides a valid stage set up details "StageCode" "StageLabel" "Colour" "SequenceNumber" "ReasonLookup" and "ShortDescription"(file:///D:/Automation/IgnyetFrameworkNamrataBranch/src/test/resources/Features/4_StageSetUp.feature:11)
]]>
            </full-stacktrace>
          </exception> <!-- java.lang.IllegalArgumentException -->
          <reporter-output>
          </reporter-output>
        </test-method> <!-- runScenario -->
        <test-method signature="runScenario(io.cucumber.testng.PickleWrapper,io.cucumber.testng.FeatureWrapper)[pri:0, instance:Runner.TestRunner@cecf639]" started-at="2025-07-02T11:51:07 IST" name="runScenario" description="Runs Cucumber Scenarios" data-provider="scenarios" finished-at="2025-07-02T11:51:21 IST" duration-ms="14411" status="FAIL">
          <params>
            <param index="0">
              <value>
                <![CDATA["Disabling the Newly added stage in the application"]]>
              </value>
            </param>
            <param index="1">
              <value>
                <![CDATA["Stage Set Up Page"]]>
              </value>
            </param>
          </params>
          <exception class="java.lang.IllegalArgumentException">
            <message>
              <![CDATA[Keys to send should be a not null CharSequence]]>
            </message>
            <full-stacktrace>
              <![CDATA[java.lang.IllegalArgumentException: Keys to send should be a not null CharSequence
at org.openqa.selenium.remote.RemoteWebElement.sendKeys(RemoteWebElement.java:96)
at java.base/jdk.internal.reflect.NativeMethodAccessorImpl.invoke0(Native Method)
at java.base/jdk.internal.reflect.NativeMethodAccessorImpl.invoke(NativeMethodAccessorImpl.java:62)
at java.base/jdk.internal.reflect.DelegatingMethodAccessorImpl.invoke(DelegatingMethodAccessorImpl.java:43)
at java.base/java.lang.reflect.Method.invoke(Method.java:566)
at org.openqa.selenium.support.pagefactory.internal.LocatingElementHandler.invoke(LocatingElementHandler.java:51)
at com.sun.proxy.$Proxy25.sendKeys(Unknown Source)
at KingsleyGate.StepDef.Pages.StageSetUpPage.SearchStageAndDisable(StageSetUpPage.java:123)
at KingsleyGate.StepDef.StageSetUp_StepDefinition.userNavigatesToSetUpMenuAndSearchForTheStageStageCode(StageSetUp_StepDefinition.java:75)
at ✽.User navigates to Set Up menu and search for the stage "StageCode" and disable the stage(file:///D:/Automation/IgnyetFrameworkNamrataBranch/src/test/resources/Features/4_StageSetUp.feature:15)
]]>
            </full-stacktrace>
          </exception> <!-- java.lang.IllegalArgumentException -->
          <reporter-output>
          </reporter-output>
        </test-method> <!-- runScenario -->
        <test-method is-config="true" signature="tearDownClass()[pri:0, instance:Runner.TestRunner@cecf639]" started-at="2025-07-02T11:51:21 IST" name="tearDownClass" finished-at="2025-07-02T11:51:22 IST" duration-ms="488" status="PASS">
          <reporter-output>
          </reporter-output>
        </test-method> <!-- tearDownClass -->
      </class> <!-- Runner.TestRunner -->
    </test> <!-- Default test -->
  </suite> <!-- Default suite -->
</testng-results>
