<?xml version="1.0" encoding="UTF-8"?>
<testng-results ignored="0" total="2" passed="2" failed="0" skipped="0">
  <reporter-output>
  </reporter-output>
  <suite started-at="2025-06-11T16:25:22 IST" name="Default suite" finished-at="2025-06-11T16:25:48 IST" duration-ms="25656">
    <groups>
      <group name="cucumber">
        <method signature="AbstractTestNGCucumberTests.runScenario(io.cucumber.testng.PickleWrapper,io.cucumber.testng.FeatureWrapper)[pri:0, instance:Runner.TestRunner@66982506]" name="runScenario" class="io.cucumber.testng.AbstractTestNGCucumberTests"/>
      </group> <!-- cucumber -->
    </groups>
    <test started-at="2025-06-11T16:25:22 IST" name="Default test" finished-at="2025-06-11T16:25:48 IST" duration-ms="25656">
      <class name="Runner.TestRunner">
        <test-method is-config="true" signature="setUpClass(org.testng.ITestContext)[pri:0, instance:Runner.TestRunner@66982506]" started-at="2025-06-11T16:25:23 IST" name="setUpClass" finished-at="2025-06-11T16:25:23 IST" duration-ms="421" status="PASS">
          <params>
            <param index="0">
              <value>
                <![CDATA[org.testng.TestRunner@5d850a25]]>
              </value>
            </param>
          </params>
          <reporter-output>
          </reporter-output>
        </test-method> <!-- setUpClass -->
        <test-method signature="runScenario(io.cucumber.testng.PickleWrapper,io.cucumber.testng.FeatureWrapper)[pri:0, instance:Runner.TestRunner@66982506]" started-at="2025-06-11T16:25:23 IST" name="runScenario" description="Runs Cucumber Scenarios" data-provider="scenarios" finished-at="2025-06-11T16:25:41 IST" duration-ms="17522" status="PASS">
          <params>
            <param index="0">
              <value>
                <![CDATA["User navigates to Tags Setup page and add a new Tag"]]>
              </value>
            </param>
            <param index="1">
              <value>
                <![CDATA["Tags Setup"]]>
              </value>
            </param>
          </params>
          <reporter-output>
          </reporter-output>
        </test-method> <!-- runScenario -->
        <test-method signature="runScenario(io.cucumber.testng.PickleWrapper,io.cucumber.testng.FeatureWrapper)[pri:0, instance:Runner.TestRunner@66982506]" started-at="2025-06-11T16:25:41 IST" name="runScenario" description="Runs Cucumber Scenarios" data-provider="scenarios" finished-at="2025-06-11T16:25:47 IST" duration-ms="6516" status="PASS">
          <params>
            <param index="0">
              <value>
                <![CDATA["User navigates to Tags Setup page and deletes a Tag"]]>
              </value>
            </param>
            <param index="1">
              <value>
                <![CDATA["Tags Setup"]]>
              </value>
            </param>
          </params>
          <reporter-output>
          </reporter-output>
        </test-method> <!-- runScenario -->
        <test-method is-config="true" signature="tearDownClass()[pri:0, instance:Runner.TestRunner@66982506]" started-at="2025-06-11T16:25:47 IST" name="tearDownClass" finished-at="2025-06-11T16:25:48 IST" duration-ms="506" status="PASS">
          <reporter-output>
          </reporter-output>
        </test-method> <!-- tearDownClass -->
      </class> <!-- Runner.TestRunner -->
    </test> <!-- Default test -->
  </suite> <!-- Default suite -->
</testng-results>
